[35m[1m______
| ___ \
| |_/ /  ___   ___
| ___ \ / _ \ / _ \
| |_/ /|  __/|  __/
\____/  \___| \___| v1.10.0
[21m[0m2018/08/20 10:22:16 [34m[1mINFO    [21m[0m ▶ 0001 Using 'work' as 'appname'
2018/08/20 10:22:16 [34m[1mINFO    [21m[0m ▶ 0002 Initializing watcher...
main.go:4:2: cannot find package "fjob/work/routers" in any of:
	/usr/local/go/src/fjob/work/routers (from $GOROOT)
	/go/src/fjob/work/routers (from $GOPATH)
main.go:6:2: cannot find package "github.com/astaxie/beego" in any of:
	/usr/local/go/src/github.com/astaxie/beego (from $GOROOT)
	/go/src/github.com/astaxie/beego (from $GOPATH)
2018/08/20 10:22:17 [31m[1mERROR   [21m[0m ▶ 0003 Failed to build the application: main.go:4:2: cannot find package "fjob/work/routers" in any of:
	/usr/local/go/src/fjob/work/routers (from $GOROOT)
	/go/src/fjob/work/routers (from $GOPATH)
main.go:6:2: cannot find package "github.com/astaxie/beego" in any of:
	/usr/local/go/src/github.com/astaxie/beego (from $GOROOT)
	/go/src/github.com/astaxie/beego (from $GOPATH)

